JRat:INFO (Feb/22 16:59:40,219) (main) RuntimeContextImpl - logfile created
JRat:INFO (Feb/22 16:59:40,219) (main) RuntimeContextImpl - Running JRat version 1-beta1 - built on 20070911
JRat:INFO (Feb/22 16:59:40,219) (main) CacheMethodHandlerFactory - startup
JRat:INFO (Feb/22 16:59:40,219) (main) ConfigMethodHandlerFactory - startup
JRat:INFO (Feb/22 16:59:40,219) (main) ShutdownRegistry - registerShutdownListener Tree Handler Factory
JRat:INFO (Feb/22 16:59:40,221) (main) CommandletRegistry - register org.shiftone.jrat.provider.tree.command.ResetCommandlet@2b2d96f2
JRat:INFO (Feb/22 16:59:40,222) (main) CommandletRegistry - register org.shiftone.jrat.provider.tree.command.WriteOutputCommandlet@4e17e4ca
JRat:INFO (Feb/22 16:59:40,223) (main) CommandletRegistry - register org.shiftone.jrat.provider.tree.command.DumpOutputCommandlet@5975d6ab
JRat:INFO (Feb/22 16:59:40,228) (JRat-Shutdown) ShutdownRegistry - shutting down...[Transformer[ASM], FileOutputRegistry[Writer[memory.csv], PrintWriter[jrat.log]], Memory Monitor, Tree Handler Factory]
JRat:INFO (Feb/22 16:59:40,228) (JRat-Shutdown) ShutdownRegistry - shutting down Tree Handler Factory...
JRat:INFO (Feb/22 16:59:40,228) (JRat-Shutdown) TreeMethodHandlerFactory - shutdown...
JRat:INFO (Feb/22 16:59:40,228) (JRat-Shutdown) TreeMethodHandlerFactory - writeOutputFile...
JRat:INFO (Feb/22 16:59:40,286) (JRat-Shutdown) FileOutputFactory - createOutputStream /Users/david/Documents/workspace/SortingAlgorithms/src/jrat.output/2012-02-22_PM-04-59-40/my_code_tree.jrat
JRat:INFO (Feb/22 16:59:40,286) (JRat-Shutdown) FileOutputFactory - createOutputStream /Users/david/Documents/workspace/SortingAlgorithms/src/jrat.output/2012-02-22_PM-04-59-40/my_code_tree.jrat
JRat:INFO (Feb/22 16:59:40,288) (JRat-Shutdown) FileOutputRegistry - add OutputStream[my_code_tree.jrat]
JRat:INFO (Feb/22 16:59:40,335) (JRat-Shutdown) FileOutputOutputStream - closing
JRat:INFO (Feb/22 16:59:40,335) (JRat-Shutdown) FileOutputRegistry - remove OutputStream[my_code_tree.jrat]
JRat:INFO (Feb/22 16:59:40,336) (JRat-Shutdown) TreeMethodHandlerFactory - shutdown complete
JRat:INFO (Feb/22 16:59:40,336) (JRat-Shutdown) ShutdownRegistry - shutdown Tree Handler Factory complete.
JRat:INFO (Feb/22 16:59:40,336) (JRat-Shutdown) ShutdownRegistry - shutting down Memory Monitor...
JRat:INFO (Feb/22 16:59:41,215) (Memory Ticker) FileOutputWriter - closing
JRat:INFO (Feb/22 16:59:41,216) (Memory Ticker) FileOutputRegistry - remove Writer[memory.csv]
JRat:INFO (Feb/22 16:59:41,216) (JRat-Shutdown) ShutdownRegistry - shutdown Memory Monitor complete.
JRat:INFO (Feb/22 16:59:41,216) (JRat-Shutdown) ShutdownRegistry - shutting down FileOutputRegistry[PrintWriter[jrat.log]]...
JRat:INFO (Feb/22 16:59:41,217) (JRat-Shutdown) FileOutputRegistry - closeFileOutputs [PrintWriter[jrat.log]]
JRat:INFO (Feb/22 16:59:41,217) (JRat-Shutdown) FileOutputRegistry - closing : PrintWriter[jrat.log]
JRat:INFO (Feb/22 16:59:41,217) (JRat-Shutdown) FileOutputPrintWriter - closing
JRat:INFO (Feb/22 16:59:41,217) (JRat-Shutdown) FileOutputRegistry - remove PrintWriter[jrat.log]
