JRat:INFO (Feb/22 17:00:23,205) (main) RuntimeContextImpl - logfile created
JRat:INFO (Feb/22 17:00:23,205) (main) RuntimeContextImpl - Running JRat version 1-beta1 - built on 20070911
JRat:INFO (Feb/22 17:00:23,205) (main) CacheMethodHandlerFactory - startup
JRat:INFO (Feb/22 17:00:23,205) (main) ConfigMethodHandlerFactory - startup
JRat:INFO (Feb/22 17:00:23,206) (main) ShutdownRegistry - registerShutdownListener Tree Handler Factory
JRat:INFO (Feb/22 17:00:23,207) (main) CommandletRegistry - register org.shiftone.jrat.provider.tree.command.ResetCommandlet@38b5dac4
JRat:INFO (Feb/22 17:00:23,208) (main) CommandletRegistry - register org.shiftone.jrat.provider.tree.command.WriteOutputCommandlet@3e110003
JRat:INFO (Feb/22 17:00:23,209) (main) CommandletRegistry - register org.shiftone.jrat.provider.tree.command.DumpOutputCommandlet@2adb1d4
JRat:INFO (Feb/22 17:00:23,214) (JRat-Shutdown) ShutdownRegistry - shutting down...[Transformer[ASM], FileOutputRegistry[Writer[memory.csv], PrintWriter[jrat.log]], Memory Monitor, Tree Handler Factory]
JRat:INFO (Feb/22 17:00:23,214) (JRat-Shutdown) ShutdownRegistry - shutting down Tree Handler Factory...
JRat:INFO (Feb/22 17:00:23,214) (JRat-Shutdown) TreeMethodHandlerFactory - shutdown...
JRat:INFO (Feb/22 17:00:23,214) (JRat-Shutdown) TreeMethodHandlerFactory - writeOutputFile...
JRat:INFO (Feb/22 17:00:23,260) (JRat-Shutdown) FileOutputFactory - createOutputStream /Users/david/Documents/workspace/SortingAlgorithms/src/jrat.output/2012-02-22_PM-05-00-23/my_code_tree.jrat
JRat:INFO (Feb/22 17:00:23,261) (JRat-Shutdown) FileOutputFactory - createOutputStream /Users/david/Documents/workspace/SortingAlgorithms/src/jrat.output/2012-02-22_PM-05-00-23/my_code_tree.jrat
JRat:INFO (Feb/22 17:00:23,263) (JRat-Shutdown) FileOutputRegistry - add OutputStream[my_code_tree.jrat]
JRat:INFO (Feb/22 17:00:23,284) (JRat-Shutdown) FileOutputOutputStream - closing
JRat:INFO (Feb/22 17:00:23,285) (JRat-Shutdown) FileOutputRegistry - remove OutputStream[my_code_tree.jrat]
JRat:INFO (Feb/22 17:00:23,285) (JRat-Shutdown) TreeMethodHandlerFactory - shutdown complete
JRat:INFO (Feb/22 17:00:23,285) (JRat-Shutdown) ShutdownRegistry - shutdown Tree Handler Factory complete.
JRat:INFO (Feb/22 17:00:23,285) (JRat-Shutdown) ShutdownRegistry - shutting down Memory Monitor...
JRat:INFO (Feb/22 17:00:24,202) (Memory Ticker) FileOutputWriter - closing
JRat:INFO (Feb/22 17:00:24,202) (Memory Ticker) FileOutputRegistry - remove Writer[memory.csv]
JRat:INFO (Feb/22 17:00:24,203) (JRat-Shutdown) ShutdownRegistry - shutdown Memory Monitor complete.
JRat:INFO (Feb/22 17:00:24,203) (JRat-Shutdown) ShutdownRegistry - shutting down FileOutputRegistry[PrintWriter[jrat.log]]...
JRat:INFO (Feb/22 17:00:24,203) (JRat-Shutdown) FileOutputRegistry - closeFileOutputs [PrintWriter[jrat.log]]
JRat:INFO (Feb/22 17:00:24,204) (JRat-Shutdown) FileOutputRegistry - closing : PrintWriter[jrat.log]
JRat:INFO (Feb/22 17:00:24,204) (JRat-Shutdown) FileOutputPrintWriter - closing
JRat:INFO (Feb/22 17:00:24,204) (JRat-Shutdown) FileOutputRegistry - remove PrintWriter[jrat.log]
