JRat:INFO (Feb/22 17:03:15,581) (main) RuntimeContextImpl - logfile created
JRat:INFO (Feb/22 17:03:15,581) (main) RuntimeContextImpl - Running JRat version 1-beta1 - built on 20070911
JRat:INFO (Feb/22 17:03:15,581) (main) CacheMethodHandlerFactory - startup
JRat:INFO (Feb/22 17:03:15,582) (main) ConfigMethodHandlerFactory - startup
JRat:INFO (Feb/22 17:03:15,582) (main) ShutdownRegistry - registerShutdownListener Tree Handler Factory
JRat:INFO (Feb/22 17:03:15,583) (main) CommandletRegistry - register org.shiftone.jrat.provider.tree.command.ResetCommandlet@38b5dac4
JRat:INFO (Feb/22 17:03:15,584) (main) CommandletRegistry - register org.shiftone.jrat.provider.tree.command.WriteOutputCommandlet@3e110003
JRat:INFO (Feb/22 17:03:15,585) (main) CommandletRegistry - register org.shiftone.jrat.provider.tree.command.DumpOutputCommandlet@2adb1d4
JRat:INFO (Feb/22 17:04:01,528) (JRat-Shutdown) ShutdownRegistry - shutting down...[Transformer[ASM], FileOutputRegistry[Writer[memory.csv], PrintWriter[jrat.log]], Memory Monitor, Tree Handler Factory]
JRat:INFO (Feb/22 17:04:01,528) (JRat-Shutdown) ShutdownRegistry - shutting down Tree Handler Factory...
JRat:INFO (Feb/22 17:04:01,528) (JRat-Shutdown) TreeMethodHandlerFactory - shutdown...
JRat:INFO (Feb/22 17:04:01,528) (JRat-Shutdown) TreeMethodHandlerFactory - writeOutputFile...
JRat:INFO (Feb/22 17:04:01,539) (JRat-Shutdown) FileOutputFactory - createOutputStream /Users/david/Documents/workspace/SortingAlgorithms/src/jrat.output/2012-02-22_PM-05-03-15/my_code_tree.jrat
JRat:INFO (Feb/22 17:04:01,539) (JRat-Shutdown) FileOutputFactory - createOutputStream /Users/david/Documents/workspace/SortingAlgorithms/src/jrat.output/2012-02-22_PM-05-03-15/my_code_tree.jrat
JRat:INFO (Feb/22 17:04:01,540) (JRat-Shutdown) FileOutputRegistry - add OutputStream[my_code_tree.jrat]
JRat:INFO (Feb/22 17:04:01,561) (JRat-Shutdown) FileOutputOutputStream - closing
JRat:INFO (Feb/22 17:04:01,567) (JRat-Shutdown) FileOutputRegistry - remove OutputStream[my_code_tree.jrat]
JRat:INFO (Feb/22 17:04:01,568) (JRat-Shutdown) TreeMethodHandlerFactory - shutdown complete
JRat:INFO (Feb/22 17:04:01,568) (JRat-Shutdown) ShutdownRegistry - shutdown Tree Handler Factory complete.
JRat:INFO (Feb/22 17:04:01,569) (JRat-Shutdown) ShutdownRegistry - shutting down Memory Monitor...
JRat:INFO (Feb/22 17:04:01,588) (Memory Ticker) FileOutputWriter - closing
JRat:INFO (Feb/22 17:04:01,589) (Memory Ticker) FileOutputRegistry - remove Writer[memory.csv]
JRat:INFO (Feb/22 17:04:01,589) (JRat-Shutdown) ShutdownRegistry - shutdown Memory Monitor complete.
JRat:INFO (Feb/22 17:04:01,589) (JRat-Shutdown) ShutdownRegistry - shutting down FileOutputRegistry[PrintWriter[jrat.log]]...
JRat:INFO (Feb/22 17:04:01,590) (JRat-Shutdown) FileOutputRegistry - closeFileOutputs [PrintWriter[jrat.log]]
JRat:INFO (Feb/22 17:04:01,590) (JRat-Shutdown) FileOutputRegistry - closing : PrintWriter[jrat.log]
JRat:INFO (Feb/22 17:04:01,590) (JRat-Shutdown) FileOutputPrintWriter - closing
JRat:INFO (Feb/22 17:04:01,591) (JRat-Shutdown) FileOutputRegistry - remove PrintWriter[jrat.log]
